# JRE version: OpenJDK Runtime Environment Corretto-17.0.6.10.1 (17.0.6+10) (build 17.0.6+10-LTS)
# Java VM: OpenJDK 64-Bit Server VM Corretto-17.0.6.10.1 (17.0.6+10-LTS, mixed mode, sharing, tiered, compressed oops, compressed class ptrs, g1 gc, windows-amd64)
GC Precious Log:
 CPUs: 8 total, 8 available
 Memory: 16351M
 Large Page Support: Disabled
 NUMA Support: Disabled
 Compressed Oops: Enabled (Zero based)
 Heap Region Size: 2M
 Heap Min Capacity: 8M
 Heap Initial Capacity: 256M
 Heap Max Capacity: 4088M
 Pre-touch: Disabled
 Parallel Workers: 8
 Concurrent Workers: 2
 Concurrent Refinement Workers: 8
 Periodic GC: Disabled
Heap:
 garbage-first heap   total 59392K, used 48459K [0x0000000700800000, 0x0000000800000000)
  region size 2048K, 10 young (20480K), 1 survivors (2048K)
 Metaspace       used 66549K, committed 67072K, reserved 1114112K
  class space    used 8845K, committed 9152K, reserved 1048576K
GC Heap History (20 events):
Event: 9.319 GC heap after
{Heap after GC invocations=14 (full 0):
 garbage-first heap   total 55296K, used 21859K [0x0000000700800000, 0x0000000800000000)
  region size 2048K, 2 young (4096K), 2 survivors (4096K)
 Metaspace       used 54399K, committed 54848K, reserved 1097728K
  class space    used 7265K, committed 7488K, reserved 1048576K
}
Event: 9.606 GC heap before
{Heap before GC invocations=14 (full 0):
 garbage-first heap   total 55296K, used 40291K [0x0000000700800000, 0x0000000800000000)
  region size 2048K, 11 young (22528K), 2 survivors (4096K)
 Metaspace       used 56671K, committed 57152K, reserved 1105920K
  class space    used 7600K, committed 7808K, reserved 1048576K
}
Event: 9.608 GC heap after
{Heap after GC invocations=15 (full 0):
 garbage-first heap   total 55296K, used 22916K [0x0000000700800000, 0x0000000800000000)
  region size 2048K, 2 young (4096K), 2 survivors (4096K)
 Metaspace       used 56671K, committed 57152K, reserved 1105920K
  class space    used 7600K, committed 7808K, reserved 1048576K
}
Event: 9.972 GC heap before
{Heap before GC invocations=15 (full 0):
 garbage-first heap   total 55296K, used 41348K [0x0000000700800000, 0x0000000800000000)
  region size 2048K, 11 young (22528K), 2 survivors (4096K)
 Metaspace       used 58174K, committed 58624K, reserved 1105920K
  class space    used 7804K, committed 8000K, reserved 1048576K
}
Event: 9.975 GC heap after
{Heap after GC invocations=16 (full 0):
 garbage-first heap   total 55296K, used 24202K [0x0000000700800000, 0x0000000800000000)
  region size 2048K, 2 young (4096K), 2 survivors (4096K)
 Metaspace       used 58174K, committed 58624K, reserved 1105920K
  class space    used 7804K, committed 8000K, reserved 1048576K
}
Event: 10.361 GC heap before
{Heap before GC invocations=16 (full 0):
 garbage-first heap   total 55296K, used 38538K [0x0000000700800000, 0x0000000800000000)
  region size 2048K, 10 young (20480K), 2 survivors (4096K)
 Metaspace       used 60076K, committed 60480K, reserved 1105920K
  class space    used 8058K, committed 8256K, reserved 1048576K
}
Event: 10.364 GC heap after
{Heap after GC invocations=17 (full 0):
 garbage-first heap   total 55296K, used 25792K [0x0000000700800000, 0x0000000800000000)
  region size 2048K, 2 young (4096K), 2 survivors (4096K)
 Metaspace       used 60076K, committed 60480K, reserved 1105920K
  class space    used 8058K, committed 8256K, reserved 1048576K
}
Event: 37.492 GC heap before
{Heap before GC invocations=18 (full 0):
 garbage-first heap   total 55296K, used 42176K [0x0000000700800000, 0x0000000800000000)
  region size 2048K, 10 young (20480K), 2 survivors (4096K)
 Metaspace       used 62596K, committed 63104K, reserved 1105920K
  class space    used 8466K, committed 8704K, reserved 1048576K
}
Event: 37.495 GC heap after
{Heap after GC invocations=19 (full 0):
 garbage-first heap   total 55296K, used 26734K [0x0000000700800000, 0x0000000800000000)
  region size 2048K, 2 young (4096K), 2 survivors (4096K)
 Metaspace       used 62596K, committed 63104K, reserved 1105920K
  class space    used 8466K, committed 8704K, reserved 1048576K
}
Event: 3237.522 GC heap before
{Heap before GC invocations=19 (full 0):
 garbage-first heap   total 55296K, used 41070K [0x0000000700800000, 0x0000000800000000)
  region size 2048K, 10 young (20480K), 2 survivors (4096K)
 Metaspace       used 65751K, committed 66240K, reserved 1114112K
  class space    used 8838K, committed 9088K, reserved 1048576K
}
Event: 3237.525 GC heap after
{Heap after GC invocations=20 (full 0):
 garbage-first heap   total 55296K, used 27897K [0x0000000700800000, 0x0000000800000000)
  region size 2048K, 2 young (4096K), 2 survivors (4096K)
 Metaspace       used 65751K, committed 66240K, reserved 1114112K
  class space    used 8838K, committed 9088K, reserved 1048576K
}
Event: 7105.847 GC heap before
{Heap before GC invocations=20 (full 0):
 garbage-first heap   total 55296K, used 42233K [0x0000000700800000, 0x0000000800000000)
  region size 2048K, 9 young (18432K), 2 survivors (4096K)
 Metaspace       used 66423K, committed 66944K, reserved 1114112K
  class space    used 8900K, committed 9152K, reserved 1048576K
}
Event: 7105.916 GC heap after
{Heap after GC invocations=21 (full 0):
 garbage-first heap   total 55296K, used 28886K [0x0000000700800000, 0x0000000800000000)
  region size 2048K, 2 young (4096K), 2 survivors (4096K)
 Metaspace       used 66423K, committed 66944K, reserved 1114112K
  class space    used 8900K, committed 9152K, reserved 1048576K
}
Event: 10710.528 GC heap before
{Heap before GC invocations=22 (full 0):
 garbage-first heap   total 59392K, used 41174K [0x0000000700800000, 0x0000000800000000)
  region size 2048K, 8 young (16384K), 2 survivors (4096K)
 Metaspace       used 66287K, committed 67008K, reserved 1114112K
  class space    used 8854K, committed 9152K, reserved 1048576K
}
Event: 10710.539 GC heap after
{Heap after GC invocations=23 (full 0):
 garbage-first heap   total 59392K, used 29608K [0x0000000700800000, 0x0000000800000000)
  region size 2048K, 1 young (2048K), 1 survivors (2048K)
 Metaspace       used 66287K, committed 67008K, reserved 1114112K
  class space    used 8854K, committed 9152K, reserved 1048576K
}
Event: 12437.226 GC heap before
{Heap before GC invocations=23 (full 0):
 garbage-first heap   total 59392K, used 31656K [0x0000000700800000, 0x0000000800000000)
  region size 2048K, 2 young (4096K), 1 survivors (2048K)
 Metaspace       used 66293K, committed 67008K, reserved 1114112K
  class space    used 8854K, committed 9152K, reserved 1048576K
}
Event: 12437.240 GC heap after
{Heap after GC invocations=24 (full 0):
 garbage-first heap   total 59392K, used 28845K [0x0000000700800000, 0x0000000800000000)
  region size 2048K, 1 young (2048K), 1 survivors (2048K)
 Metaspace       used 66293K, committed 67008K, reserved 1114112K
  class space    used 8854K, committed 9152K, reserved 1048576K
}
Event: 18031.837 GC heap before
{Heap before GC invocations=24 (full 0):
 garbage-first heap   total 59392K, used 47277K [0x0000000700800000, 0x0000000800000000)
  region size 2048K, 10 young (20480K), 1 survivors (2048K)
 Metaspace       used 66442K, committed 67008K, reserved 1114112K
  class space    used 8854K, committed 9152K, reserved 1048576K
}
Event: 18031.900 GC heap after
{Heap after GC invocations=25 (full 0):
 garbage-first heap   total 59392K, used 30027K [0x0000000700800000, 0x0000000800000000)
  region size 2048K, 1 young (2048K), 1 survivors (2048K)
 Metaspace       used 66442K, committed 67008K, reserved 1114112K
  class space    used 8854K, committed 9152K, reserved 1048576K
}
Event: 24899.354 GC heap before
{Heap before GC invocations=26 (full 0):
 garbage-first heap   total 59392K, used 48459K [0x0000000700800000, 0x0000000800000000)
  region size 2048K, 10 young (20480K), 1 survivors (2048K)
 Metaspace       used 66549K, committed 67072K, reserved 1114112K
  class space    used 8845K, committed 9152K, reserved 1048576K
}

